 -67.2500  44.50000  63001
 -67.3333  44.41667  63002
 -67.4166  44.33333  63003
 -67.5000  44.33333  63004
 -67.5833  44.33333  63005
 -67.6666  44.33333  63006
 -67.7500  44.33333  63007
 -67.8333  44.25000  63008
 -67.9166  44.25000  63009
 -68.0000  44.16667  63010
 -68.0833  44.16667  63011
 -68.1666  44.16667  63012
 -68.1666  44.08333  63013
 -68.2500  44.00000  63014
 -68.3333  44.00000  63015
 -68.4166  44.00000  63016
 -68.5000  43.91667  63017
 -68.5833  43.91667  63018
 -68.6666  43.91667  63019
 -68.7500  43.91667  63020
 -68.8333  43.91667  63021
 -68.9166  43.91667  63022
 -69.0000  43.91667  63023
 -69.0833  43.83333  63024
 -69.1666  43.75000  63025
 -69.2500  43.75000  63026
 -69.3333  43.75000  63027
 -69.4166  43.66667  63028
 -69.5000  43.66667  63029
 -69.5833  43.66667  63030
 -69.6666  43.58333  63031
 -69.7500  43.58333  63032
 -69.8333  43.58333  63033
 -69.9166  43.58333  63034
 -70.0000  43.58333  63035
 -70.0000  43.50000  63036
 -70.0833  43.41667  63037
 -70.1666  43.41667  63038
 -70.2500  43.33333  63039
 -70.3333  43.25000  63040
 -70.4166  43.16667  63041
 -70.4167  43.08333  63042
 -70.5000  43.00000  63043
 -70.5833  42.91667  63044
 -70.5833  42.83333  63045
 -70.5000  42.83333  63046
 -70.4166  42.75000  63047
 -70.4166  42.66667  63048
 -70.4166  42.58333  63049
 -70.5000  42.50000  63050
 -70.5833  42.41667  63051
 -70.6666  42.41667  63052
 -70.5833  42.33333  63053
 -70.0000  42.25000  63054
 -70.0833  42.25000  63055
 -70.1666  42.25000  63056
 -70.2500  42.25000  63057
 -70.3333  42.25000  63058
 -70.4166  42.25000  63059
 -70.5000  42.25000  63060
 -69.9166  42.16667  63061
 -69.8333  42.08333  63062
 -69.8333  42.00000  63063
 -69.7500  41.91667  63064
 -69.7500  41.83333  63065
 -69.7500  41.75000  63066
 -69.7500  41.66667  63067
 -69.7500  41.58333  63068
 -69.6666  41.50000  63069
 -69.7500  41.50000  63070
 -69.6666  41.41667  63071
 -69.6666  41.33333  63072
 -69.6666  41.25000  63073
 -71.0000  41.25000  63074
 -71.0833  41.25000  63075
 -71.1666  41.25000  63076
 -71.2500  41.25000  63077
 -71.3333  41.25000  63078
 -71.4166  41.25000  63079
 -69.6666  41.16667  63080
 -70.3333  41.16667  63081
 -70.4166  41.16667  63082
 -70.5000  41.16667  63083
 -70.5833  41.16667  63084
 -70.6666  41.16667  63085
 -70.7500  41.16667  63086
 -70.8333  41.16667  63087
 -70.9166  41.16667  63088
 -71.4166  41.16667  63089
 -69.6666  41.08333  63090
 -70.0000  41.08333  63091
 -70.0833  41.08333  63092
 -70.1666  41.08333  63093
 -70.2500  41.08333  63094
 -71.4166  41.08333  63095
 -69.6666  41.00000  63096
 -69.7500  41.00000  63097
 -69.8333  41.00000  63098
 -69.9166  41.00000  63099
 -71.5833  41.00000  63100
 -71.6666  41.00000  63101
 -71.8333  40.91667  63102
 -71.9166  40.83333  63103
 -72.0000  40.83333  63104
 -72.0833  40.83333  63105
 -72.1666  40.75000  63106
 -72.2500  40.75000  63107
 -72.3333  40.75000  63108
 -72.4166  40.66667  63109
 -72.5000  40.66667  63110
 -72.5833  40.66667  63111
 -72.6666  40.58333  63112
 -72.7500  40.58333  63113
 -72.8333  40.58333  63114
 -72.9166  40.50000  63115
 -73.0000  40.50000  63116
 -73.0833  40.50000  63117
 -73.1666  40.50000  63118
 -73.2500  40.50000  63119
 -73.3333  40.50000  63120
 -73.4166  40.41667  63121
 -73.5000  40.41667  63122
 -73.5833  40.41667  63123
 -73.6666  40.41667  63124
 -73.7500  40.41667  63125
 -73.8333  40.41667  63126
 -73.8333  40.33333  63127
 -73.8333  40.25000  63128
 -73.8333  40.16667  63129
 -73.8333  40.08333  63130
 -73.8333  40.00000  63131
 -68.5600  41.34967  44005
 -70.0900  42.47000  44007
 -69.4275  40.50000  44008
 -66.5550  40.94000  44011
 -70.8003  42.38000  44013
 -72.0478  40.69220  44017
 -69.2944  41.25860  44018
 -73.1667  40.25033  44025
 -67.3144  44.27250  44027
 -73.7028  40.36940  44065
 -71.0036  41.39250  44070
 -71.1261  40.96862  44097
 -70.1688  42.79780  44098
