 -72.9697  34.89667  41001
 -75.2406  32.29500  41002
 -79.0994  32.51000  41004
 -77.3817  29.30190  41006
 -81.0800  30.73000  41008
 -80.1833  28.50190  41009
 -78.5331  28.88000  41010
 -80.5333  30.04140  41012
 -77.7431  33.43640  41013
 -76.5217  24.63667  41016
 -75.4019  35.00610  41025
 -76.9525  34.21080  41036
 -70.8700  23.86690  41046
 -71.4911  27.46940  41047
 -69.6489  31.97833  41048
 -63.0000  27.50000  41049
 -73.6489  38.36833  44001
 -70.6433  38.50000  44004
 -68.5600  42.65033  44005
 -70.0900  43.53000  44007
 -69.4275  40.50000  44008
 -74.7000  38.45000  44009
 -66.5550  41.06000  44011
 -74.5800  38.79000  44012
 -70.7800  42.38000  44013
 -74.8336  36.58310  44014
 -73.6156  37.11280  44015
 -72.0478  40.69220  44017
 -69.2944  41.25860  44018
 -74.3911  37.53533  44023
 -73.1667  40.25033  44025
 -67.3144  44.27250  44027
 -73.7028  40.36940  44065
 -72.6006  39.58310  44066
 -81.2925  30.70921  41112
 -75.5914  36.25492  44100
 -75.7200  36.91519  44099
 -71.1260  40.96861  44097
 -70.1688  42.79779  44098
 -61.1300  41.19000  44137
 -57.3500  44.32000  44139
 -56.1300  42.12000  44141
