 -80.3333  28.50000  63436
 -80.3333  28.41667  63437
 -80.3333  28.33333  63438
 -80.4166  28.33333  63439
 -80.3333  28.25000  63440
 -80.4166  28.25000  63441
 -80.4166  28.16667  63442
 -80.3333  28.08333  63443
 -80.3333  28.00000  63444
 -80.2500  27.91667  63445
 -80.2500  27.83333  63446
 -80.1666  27.75000  63447
 -80.1666  27.66667  63448
 -80.1666  27.58333  63449
 -80.0833  27.50000  63450
 -80.0833  27.41667  63451
 -80.0000  27.33333  63452
 -80.0000  27.25000  63453
 -80.0000  27.16667  63454
 -79.9166  27.08333  63455
 -79.9166  27.00000  63456
 -79.9166  26.91667  63457
 -79.8333  26.83333  63458
 -79.8333  26.75000  63459
 -79.8333  26.66667  63460
 -79.8333  26.58333  63461
 -79.9166  26.50000  63462
 -79.9166  26.41667  63463
 -79.9166  26.33333  63464
 -79.9166  26.25000  63465
 -79.9166  26.16667  63466
 -79.9166  26.08333  63467
 -79.9166  26.00000  63468
 -79.9166  25.91667  63469
 -79.9166  25.83333  63470
 -79.9166  25.75000  63471
 -80.0000  25.66667  63472
 -80.0000  25.58333  63473
 -80.0000  25.50000  63474
 -80.0000  25.41667  63475
 -80.0833  25.33333  63476
 -80.0833  25.25000  63477
 -80.1666  25.16667  63478
 -80.1666  25.08333  63479
 -80.2500  25.00000  63480
 -80.3333  24.91667  63481
 -80.4166  24.83333  63482
 -80.5000  24.75000  63483
 -80.5833  24.75000  63484
 -80.6666  24.66667  63485
 -80.7500  24.66667  63486
 -80.8333  24.58333  63487
 -80.9166  24.58333  63488
 -81.0000  24.58333  63489
 -81.0833  24.50000  63490
 -81.1666  24.50000  63491
 -81.2500  24.50000  63492
 -81.3333  24.50000  63493
 -81.4166  24.50000  63494
 -81.5000  24.41667  63495
 -81.5833  24.41667  63496
 -81.6666  24.41667  63497
 -81.7500  24.41667  63498
 -81.8333  24.41667  63499
 -81.9166  24.41667  63500
 -82.0000  24.41667  63501
 -80.0000  28.50000  63521
 -79.9166  28.00000  63522
 -79.9166  27.50000  63523
 -80.2333  28.50000  41009
 -80.2196  27.55256  44114
 -80.5333  28.40002  41113
