 -79.5833  32.50000  63349
 -79.8333  32.50000  63350
 -79.6666  32.41667  63351
 -79.9166  32.41667  63352
 -80.0000  32.41667  63353
 -79.7500  32.33333  63354
 -79.8333  32.33333  63355
 -80.0833  32.33333  63356
 -80.1666  32.33333  63357
 -79.9166  32.25000  63358
 -80.0000  32.25000  63359
 -80.2500  32.25000  63360
 -80.0833  32.16667  63361
 -80.3333  32.16667  63362
 -80.1666  32.08333  63363
 -80.2500  32.08333  63364
 -80.4166  32.08333  63365
 -80.5000  32.08333  63366
 -80.3333  32.00000  63367
 -80.5833  32.00000  63368
 -80.4166  31.91667  63369
 -80.5833  31.91667  63370
 -80.4166  31.83333  63371
 -80.6666  31.83333  63372
 -80.4166  31.75000  63373
 -80.7500  31.75000  63374
 -80.5000  31.66667  63375
 -80.5833  31.66667  63376
 -80.8333  31.66667  63377
 -80.5833  31.58333  63378
 -80.9166  31.58333  63379
 -80.6666  31.50000  63380
 -80.9166  31.50000  63381
 -80.7500  31.41667  63382
 -80.9166  31.41667  63383
 -80.8333  31.33333  63384
 -80.9166  31.33333  63385
 -80.8333  31.25000  63386
 -81.0000  31.25000  63387
 -80.8333  31.16667  63388
 -81.0000  31.16667  63389
 -80.8333  31.08333  63390
 -81.0833  31.08333  63391
 -80.9166  31.00000  63392
 -81.0833  31.00000  63393
 -80.9166  30.91667  63394
 -81.0833  30.91667  63395
 -80.9166  30.83333  63396
 -81.1666  30.83333  63397
 -81.0000  30.75000  63398
 -81.1666  30.75000  63399
 -81.0000  30.66667  63400
 -81.2500  30.66667  63401
 -81.0833  30.58333  63402
 -81.2500  30.58333  63403
 -81.0833  30.50000  63404
 -81.2500  30.50000  63405
 -81.0833  30.41667  63406
 -81.2500  30.41667  63407
 -81.0833  30.33333  63408
 -81.2500  30.33333  63409
 -81.0833  30.25000  63410
 -81.1666  30.25000  63411
 -81.0833  30.16667  63412
 -81.1666  30.16667  63413
 -81.0833  30.08333  63414
 -81.1666  30.08333  63415
 -81.0833  30.00000  63416
 -81.0833  29.91667  63417
 -81.0833  29.83333  63418
 -81.0000  29.75000  63419
 -80.9166  29.66667  63420
 -81.0000  29.66667  63421
 -81.0000  29.58333  63422
 -80.9166  29.50000  63423
 -80.8333  29.41667  63424
 -80.9166  29.41667  63425
 -80.8333  29.33333  63426
 -80.8333  29.25000  63427
 -80.7500  29.16667  63428
 -80.6666  29.08333  63429
 -80.5833  29.00000  63430
 -80.5833  28.91667  63431
 -80.5000  28.83333  63432
 -80.5000  28.75000  63433
 -80.4166  28.66667  63434
 -80.3333  28.58333  63435
 -80.3333  28.50000  63436
 -80.3333  28.41667  63437
 -80.3333  28.33333  63438
 -80.4166  28.33333  63439
 -80.3333  28.25000  63440
 -80.4166  28.25000  63441
 -80.4166  28.16667  63442
 -80.3333  28.08333  63443
 -80.3333  28.00000  63444
 -78.6666  32.50000  63512
 -79.0833  32.16667  63513
 -79.4166  31.83333  63514
 -79.6666  31.41667  63515
 -79.9166  31.00000  63516
 -80.1666  30.50000  63517
 -80.2500  30.00000  63518
 -80.1666  29.50000  63519
 -80.0833  29.00000  63520
 -80.0000  28.50000  63521
 -79.9166  28.00000  63522
 -75.2406  31.70500  41002
 -77.3817  28.69810  41006
 -81.0800  31.40200  41008
 -80.2333  28.50000  41009
 -78.5331  28.88000  41010
 -80.5333  30.04140  41012
 -80.5333  28.40002  41113
 -81.2926  30.70922  41112
