 -75.3333  35.16667  63259
 -75.4166  35.08333  63260
 -75.5000  35.08333  63261
 -75.5833  35.08333  63262
 -75.6666  35.00000  63263
 -75.7500  35.00000  63264
 -75.8333  35.00000  63265
 -75.9166  35.00000  63266
 -75.9166  34.91667  63267
 -76.0000  34.83333  63268
 -76.0833  34.83333  63269
 -76.1666  34.75000  63270
 -76.2500  34.66667  63271
 -76.3333  34.58333  63272
 -76.3333  34.50000  63273
 -76.6666  34.50000  63274
 -76.7500  34.50000  63275
 -76.8333  34.50000  63276
 -76.9166  34.50000  63277
 -77.0000  34.50000  63278
 -77.0833  34.50000  63279
 -76.3333  34.41667  63280
 -76.5833  34.41667  63281
 -77.0833  34.41667  63282
 -77.1666  34.41667  63283
 -77.2500  34.41667  63284
 -76.3333  34.33333  63285
 -76.5000  34.33333  63286
 -76.6666  34.33333  63287
 -76.8333  34.33333  63288
 -77.0000  34.33333  63289
 -77.2500  34.33333  63290
 -77.3333  34.33333  63291
 -77.4166  34.33333  63292
 -77.3333  34.25000  63293
 -77.5000  34.25000  63294
 -77.4166  34.16667  63295
 -77.5833  34.16667  63296
 -77.5000  34.08333  63297
 -77.6666  34.08333  63298
 -77.5833  34.00000  63299
 -77.6666  34.00000  63300
 -77.6666  33.91667  63301
 -77.7500  33.91667  63302
 -77.6666  33.83333  63303
 -77.7500  33.83333  63304
 -77.6666  33.75000  63305
 -77.7500  33.75000  63306
 -77.6666  33.66667  63307
 -77.7500  33.66667  63308
 -78.1666  33.66667  63309
 -78.2500  33.66667  63310
 -78.3333  33.66667  63311
 -78.4166  33.66667  63312
 -78.5000  33.66667  63313
 -78.5833  33.66667  63314
 -77.5833  33.58333  63315
 -77.8333  33.58333  63316
 -78.0000  33.58333  63317
 -78.5833  33.58333  63318
 -77.5833  33.50000  63319
 -77.7500  33.50000  63320
 -77.9166  33.50000  63321
 -78.0833  33.50000  63322
 -78.2500  33.50000  63323
 -78.4166  33.50000  63324
 -78.6666  33.50000  63325
 -78.5000  33.41667  63326
 -78.7500  33.41667  63327
 -78.5833  33.33333  63328
 -78.7500  33.33333  63329
 -78.5833  33.25000  63330
 -78.8333  33.25000  63331
 -78.6666  33.16667  63332
 -78.8333  33.16667  63333
 -78.7500  33.08333  63334
 -78.9166  33.00000  63335
 -79.0833  33.00000  63336
 -79.0833  32.91667  63337
 -79.1666  32.91667  63338
 -79.1666  32.83333  63339
 -79.2500  32.83333  63340
 -79.3333  32.83333  63341
 -79.2500  32.75000  63342
 -79.4166  32.75000  63343
 -79.3333  32.66667  63344
 -79.5000  32.66667  63345
 -79.5833  32.66667  63346
 -79.4166  32.58333  63347
 -79.6666  32.58333  63348
 -79.5833  32.50000  63349
 -79.8333  32.50000  63350
 -79.6666  32.41667  63351
 -79.9166  32.41667  63352
 -80.0000  32.41667  63353
 -79.7500  32.33333  63354
 -79.8333  32.33333  63355
 -80.0833  32.33333  63356
 -80.1666  32.33333  63357
 -79.9166  32.25000  63358
 -80.0000  32.25000  63359
 -80.2500  32.25000  63360
 -80.0833  32.16667  63361
 -80.3333  32.16667  63362
 -80.1666  32.08333  63363
 -80.2500  32.08333  63364
 -80.4166  32.08333  63365
 -80.5000  32.08333  63366
 -80.3333  32.00000  63367
 -80.5833  32.00000  63368
 -75.3333  35.00000  63502
 -75.5833  34.75000  63503
 -75.8333  34.50000  63504
 -76.0000  34.25000  63505
 -76.2500  34.00000  63506
 -76.5833  33.75000  63507
 -76.9166  33.50000  63508
 -77.2500  33.16667  63509
 -77.9166  33.00000  63510
 -78.2500  32.75000  63511
 -78.6666  32.50000  63512
 -79.0833  32.16667  63513
 -79.0994  32.51000  41004
 -77.7431  33.43640  41013
 -75.4019  35.00610  41025
 -77.2794  34.47610  41035
 -76.9525  34.21080  41036
 -73.6489  37.63167  44001
 -74.7000  37.55000  44009
 -74.5800  38.78333  44012
 -74.8336  35.41690  44014
 -73.6156  36.88720  44015
 -74.3911  36.46467  44023
 -73.7028  40.36940  44065
 -72.6006  39.58310  44066
 -75.7140  36.29988  44056
 -77.7087  34.14148  41110
 -75.5914  36.25492  44100
 -75.7201  36.91520  44099
